<?xml version="1.0" encoding="UTF-8"?>
<!-- Generated by org.testng.reporters.JUnitReportReporter -->
<testsuite skipped="0" hostname="ip-192-168-1-107.us-west-2.compute.internal" name="com.utils.GetCities" tests="1" failures="0" timestamp="2021-05-19T13:36:12 IST" time="2.466" errors="0">
  <testcase name="getRes" time="2.466" classname="com.utils.GetCities"/>
  <system-out/>
</testsuite> <!-- com.utils.GetCities -->
