<?xml version="1.0" encoding="UTF-8"?>
<!-- Generated by org.testng.reporters.JUnitReportReporter -->
<testsuite skipped="0" hostname="ip-192-168-1-107.us-west-2.compute.internal" name="com.utils.GetCitiesTest" tests="1" failures="0" timestamp="2021-05-19T16:22:50 IST" time="1.671" errors="0">
  <testcase name="getCitiesList" time="1.671" classname="com.utils.GetCitiesTest"/>
  <system-out/>
</testsuite> <!-- com.utils.GetCitiesTest -->
